2026-07-09T02:14:03Z [INFO] bclconvert: run RUN-2026-07-09-SCALE demultiplexing started (30 samples)
2026-07-09T02:15:03Z [INFO] pipeguard-synthetic: CONTRIVED demo run generated by pipeguard.synthetic.generator (origin=contrived); invented values, not real GIAB data
2026-07-09T02:41:03Z [INFO] bclconvert: demultiplexing complete; 92.7% of reads assigned to a sample
2026-07-09T02:42:03Z [WARN] bclconvert: sample S09 observed index2 TATAGCCT does not match declared index2 GCCTCTAT; possible index misassignment
2026-07-09T02:43:03Z [WARN] bclconvert: sample S23 observed index2 TAATCTTA does not match declared index2 AGGCGAAG; possible index misassignment
2026-07-09T02:44:03Z [WARN] bclconvert: sample S27 observed index2 TATAGCCT does not match declared index2 GCCTCTAT; possible index misassignment
2026-07-09T02:45:03Z [WARN] bclconvert: sample S29 observed index2 CCTATCCT does not match declared index2 ATAGAGGC; possible index misassignment
2026-07-09T02:46:03Z [INFO] fastqc: S02 S05 S08 S10 S12 S13 S15 S19 S20 S22 S24 S25 S26 passed all modules
2026-07-09T02:47:03Z [WARN] fastqc: S01 flagged low mean coverage below the configured gate
2026-07-09T02:48:03Z [WARN] fastqc: S03 flagged elevated duplication above the configured gate
2026-07-09T02:49:03Z [WARN] fastqc: S06 flagged elevated duplication above the configured gate
2026-07-09T02:50:03Z [WARN] fastqc: S14 flagged borderline Q30 below the configured gate
2026-07-09T02:51:03Z [WARN] fastqc: S17 flagged low mean coverage below the configured gate
2026-07-09T02:52:03Z [WARN] fastqc: S18 flagged elevated duplication above the configured gate
2026-07-09T02:53:03Z [WARN] fastqc: S21 flagged elevated duplication above the configured gate
2026-07-09T02:54:03Z [WARN] fastqc: S28 flagged low mean coverage below the configured gate
2026-07-09T02:55:03Z [WARN] fastqc: S30 flagged borderline Q30 below the configured gate
2026-07-09T02:56:03Z [ERROR] align: BWA-MEM step for sample S04 exited with exit code 1; alignment FAILED
2026-07-09T02:57:03Z [ERROR] align: BWA-MEM step for sample S07 exited with exit code 1; alignment FAILED
2026-07-09T03:00:03Z [INFO] pipeline: run RUN-2026-07-09-SCALE reached decision gate; 30 samples awaiting operator review
